<?xml version="1.0" encoding="UTF-8" standalone="no"?>
<testsuite errors="0" failures="0" name="io.cucumber.core.plugin.JUnitFormatter" skipped="0" tests="2" time="5.219">
    <testcase classname="Login functionality on The Internet" name="Successful login with valid credentials" time="2.738">
        <system-out><![CDATA[Given the user is on the login page.........................................passed
When the user enters username "tomsmith" and password "SuperSecretPassword!".passed
And the user clicks the login button........................................passed
Then the user should be redirected to the secure area.......................passed
And a success message should be displayed...................................passed
]]></system-out>
    </testcase>
    <testcase classname="Google Search" name="Search for a term" time="2.252">
        <system-out><![CDATA[Given I am on the Google search page........................................passed
When I search for "GitHub"..................................................passed
Then I should see "GitHub" in the results...................................passed
]]></system-out>
    </testcase>
</testsuite>
