<?xml version="1.0" encoding="UTF-8"?>
<testsuite name="Cucumber" time="7.398" tests="3" skipped="0" failures="0" errors="0">
<testcase classname="Login functionality on The Internet" name="Successful login with valid credentials - Example #1.1" time="2.812">
<system-out><![CDATA[
Given the user is on the login page.........................................passed
When the user enters username "tomsmith" and password "SuperSecretPassword!".passed
And the user clicks the login button........................................passed
Then the user should be redirected to the secure area.......................passed
And a success "You logged into a secure area!" should be displayed..........passed
]]></system-out>
</testcase>
<testcase classname="Checkbox Selection" name="Verify checkboxes can be selected and deselected" time="1.513">
<system-out><![CDATA[
Given I open the checkboxes page............................................passed
When I check the first checkbox.............................................passed
Then The first checkbox should be checked...................................passed
When I uncheck the second checkbox..........................................passed
Then The second checkbox should be unchecked................................passed
]]></system-out>
</testcase>
<testcase classname="Google Search" name="Search for a term" time="2.811">
<system-out><![CDATA[
Given I am on the Google search page........................................passed
When I search for "GitHub"..................................................passed
Then I should see "GitHub" in the results...................................passed
]]></system-out>
</testcase>
</testsuite>
